<?xml version="1.0" encoding="UTF-8"?>
<!-- Generated by org.testng.reporters.JUnitReportReporter -->
<testsuite skipped="0" hostname="DESKTOP-EB7NG6I" name="com.corona.smoke.TestFBinvalidLogin" tests="1" failures="0" timestamp="15 Apr 2020 08:19:48 GMT" time="27.616" errors="0">
  <testcase name="f" time="27.616" classname="com.corona.smoke.TestFBinvalidLogin"/>
</testsuite> <!-- com.corona.smoke.TestFBinvalidLogin -->
