<?xml version="1.0" encoding="UTF-8"?>
<!-- Generated by org.testng.reporters.JUnitReportReporter -->
<testsuite hostname="DESKTOP-EB7NG6I" name="com.corona.smoke.Coronadead" tests="1" failures="0" timestamp="15 Apr 2020 17:42:05 GMT" time="0.000" errors="0">
  <testcase name="f" time="0.000" classname="com.corona.smoke.Coronadead"/>
</testsuite> <!-- com.corona.smoke.Coronadead -->
