<?xml version="1.0" encoding="UTF-8"?>
<!-- Generated by org.testng.reporters.JUnitReportReporter -->
<testsuite hostname="DESKTOP-EB7NG6I" name="com.corona.smoke.TestFBinvalidLogin" tests="1" failures="0" timestamp="15 Apr 2020 17:42:05 GMT" time="22.116" errors="0">
  <testcase name="f" time="22.116" classname="com.corona.smoke.TestFBinvalidLogin"/>
</testsuite> <!-- com.corona.smoke.TestFBinvalidLogin -->
